-------------------------------------------------------------------------------
Test set: guru.springframework.sfgpetclinic.SfgPetClinicApplicationTests
-------------------------------------------------------------------------------
Tests run: 1, Failures: 0, Errors: 1, Skipped: 0, Time elapsed: 14.558 s <<< FAILURE! - in guru.springframework.sfgpetclinic.SfgPetClinicApplicationTests
contextLoads(guru.springframework.sfgpetclinic.SfgPetClinicApplicationTests)  Time elapsed: 0.019 s  <<< ERROR!
java.lang.IllegalStateException: Failed to load ApplicationContext
Caused by: org.springframework.beans.factory.UnsatisfiedDependencyException: Error creating bean with name 'dataLoader' defined in file [C:\intellij-workspace\SFG-Pet-clinic\pet-clinic-web\target\classes\guru\springframework\sfgpetclinic\bootstrap\DataLoader.class]: Unsatisfied dependency expressed through constructor parameter 0; nested exception is org.springframework.beans.factory.UnsatisfiedDependencyException: Error creating bean with name 'ownerServiceMap' defined in URL [jar:file:/C:/intellij-workspace/SFG-Pet-clinic/pet-clinic-data/target/pet-clinic-data-0.0.4-SNAPSHOT.jar!/guru/springframework/sfgpetclinic/services/map/OwnerServiceMap.class]: Unsatisfied dependency expressed through constructor parameter 1; nested exception is org.springframework.beans.factory.NoSuchBeanDefinitionException: No qualifying bean of type 'guru.springframework.sfgpetclinic.services.PetService' available: expected at least 1 bean which qualifies as autowire candidate. Dependency annotations: {}
Caused by: org.springframework.beans.factory.UnsatisfiedDependencyException: Error creating bean with name 'ownerServiceMap' defined in URL [jar:file:/C:/intellij-workspace/SFG-Pet-clinic/pet-clinic-data/target/pet-clinic-data-0.0.4-SNAPSHOT.jar!/guru/springframework/sfgpetclinic/services/map/OwnerServiceMap.class]: Unsatisfied dependency expressed through constructor parameter 1; nested exception is org.springframework.beans.factory.NoSuchBeanDefinitionException: No qualifying bean of type 'guru.springframework.sfgpetclinic.services.PetService' available: expected at least 1 bean which qualifies as autowire candidate. Dependency annotations: {}
Caused by: org.springframework.beans.factory.NoSuchBeanDefinitionException: No qualifying bean of type 'guru.springframework.sfgpetclinic.services.PetService' available: expected at least 1 bean which qualifies as autowire candidate. Dependency annotations: {}

